<?xml version="1.0" encoding="UTF-8"?>
<testng-results ignored="0" total="1" passed="1" failed="0" skipped="0">
  <reporter-output>
  </reporter-output>
  <suite started-at="2022-01-29T13:32:06 EET" name="Default suite" finished-at="2022-01-29T13:32:25 EET" duration-ms="18285">
    <groups>
    </groups>
    <test started-at="2022-01-29T13:32:06 EET" name="Default test" finished-at="2022-01-29T13:32:25 EET" duration-ms="18285">
      <class name="Task.NewTestTask">
        <test-method is-config="true" signature="beforeClass()[pri:0, instance:Task.NewTestTask@3febb011]" started-at="2022-01-29T13:32:06 EET" name="beforeClass" finished-at="2022-01-29T13:32:09 EET" duration-ms="2343" status="PASS">
          <reporter-output>
          </reporter-output>
        </test-method> <!-- beforeClass -->
        <test-method is-config="true" signature="beforeMethod()[pri:0, instance:Task.NewTestTask@3febb011]" started-at="2022-01-29T13:32:09 EET" name="beforeMethod" finished-at="2022-01-29T13:32:12 EET" duration-ms="3241" status="PASS">
          <reporter-output>
          </reporter-output>
        </test-method> <!-- beforeMethod -->
        <test-method signature="SignUp()[pri:0, instance:Task.NewTestTask@3febb011]" started-at="2022-01-29T13:32:12 EET" name="SignUp" finished-at="2022-01-29T13:32:25 EET" duration-ms="12648" status="PASS">
          <reporter-output>
          </reporter-output>
        </test-method> <!-- SignUp -->
      </class> <!-- Task.NewTestTask -->
    </test> <!-- Default test -->
  </suite> <!-- Default suite -->
</testng-results>
